<?xml version="1.0" encoding="UTF-8"?>
<!-- Generated by org.testng.reporters.JUnitReportReporter -->
<testsuite hostname="PunitRanjan2105" failures="0" tests="4" name="cucumberOption.TestRunner" time="273.371" errors="0" timestamp="2024-02-28T07:44:58 IST" skipped="0">
  <testcase classname="cucumberOption.TestRunner" name="runScenario" time="69.950"/>
  <testcase classname="cucumberOption.TestRunner" name="runScenario" time="71.079"/>
  <testcase classname="cucumberOption.TestRunner" name="runScenario" time="61.106"/>
  <testcase classname="cucumberOption.TestRunner" name="runScenario" time="71.236"/>
</testsuite> <!-- cucumberOption.TestRunner -->
