<?xml version="1.0" encoding="UTF-8"?>
<!-- Generated by org.testng.reporters.JUnitReportReporter -->
<testsuite hostname="PunitRanjan2105" failures="0" tests="3" name="cucumberOption.TestRunner" time="150.091" errors="0" timestamp="2024-02-25T07:17:32 IST" skipped="0">
  <testcase classname="cucumberOption.TestRunner" name="runScenario" time="52.495"/>
  <testcase classname="cucumberOption.TestRunner" name="runScenario" time="53.720"/>
  <testcase classname="cucumberOption.TestRunner" name="runScenario" time="43.876"/>
</testsuite> <!-- cucumberOption.TestRunner -->
